<?xml version="1.0" encoding="UTF-8"?>
<testng-results ignored="0" total="1" passed="1" failed="0" skipped="0">
  <reporter-output>
  </reporter-output>
  <suite started-at="2021-08-13T23:17:48 IST" name="Suite" finished-at="2021-08-13T23:18:24 IST" duration-ms="36606">
    <groups>
      <group name="cucumber">
        <method signature="AbstractTestNGCucumberTests.runScenario(io.cucumber.testng.PickleWrapper,io.cucumber.testng.FeatureWrapper)[pri:0, instance:tests.RunnerFile@5a45133e]" name="runScenario" class="io.cucumber.testng.AbstractTestNGCucumberTests"/>
      </group> <!-- cucumber -->
    </groups>
    <test started-at="2021-08-13T23:17:48 IST" name="Test" finished-at="2021-08-13T23:18:24 IST" duration-ms="36606">
      <class name="tests.RunnerFile">
        <test-method is-config="true" signature="setUpClass()[pri:0, instance:tests.RunnerFile@5a45133e]" started-at="2021-08-13T23:17:48 IST" name="setUpClass" finished-at="2021-08-13T23:17:48 IST" duration-ms="182" status="PASS">
          <reporter-output>
          </reporter-output>
        </test-method> <!-- setUpClass -->
        <test-method signature="runScenario(io.cucumber.testng.PickleWrapper,io.cucumber.testng.FeatureWrapper)[pri:0, instance:tests.RunnerFile@5a45133e]" started-at="2021-08-13T23:17:48 IST" name="runScenario" description="Runs Cucumber Scenarios" data-provider="scenarios" finished-at="2021-08-13T23:18:24 IST" duration-ms="36376" status="PASS">
          <params>
            <param index="0">
              <value>
                <![CDATA["Validate the user is able to enter the given text in the subject of the new message"]]>
              </value>
            </param>
            <param index="1">
              <value>
                <![CDATA["Optional[Gmail compose - Subject validation]"]]>
              </value>
            </param>
          </params>
          <reporter-output>
          </reporter-output>
        </test-method> <!-- runScenario -->
        <test-method is-config="true" signature="tearDownClass()[pri:0, instance:tests.RunnerFile@5a45133e]" started-at="2021-08-13T23:18:24 IST" name="tearDownClass" finished-at="2021-08-13T23:18:24 IST" duration-ms="14" status="PASS">
          <reporter-output>
          </reporter-output>
        </test-method> <!-- tearDownClass -->
      </class> <!-- tests.RunnerFile -->
    </test> <!-- Test -->
  </suite> <!-- Suite -->
</testng-results>
